<?xml version="1.0" encoding="UTF-8"?>
<!-- Generated by org.testng.reporters.JUnitXMLReporter -->
<testsuite ignored="2" hostname="SLTB214" failures="1" tests="2" name="Test" time="26.122" errors="0" timestamp="2025-07-01T14:01:09 IST">
  <testcase classname="testcases.loginTest" name="testLogin" time="16.024"/>
  <testcase classname="testcases.oppTest" name="testOpportunityCreation" time="9.989">
    <failure type="org.openqa.selenium.ElementClickInterceptedException" message="element click intercepted: Element &amp;lt;div title=&amp;quot;New&amp;quot; data-aura-rendered-by=&amp;quot;1091:0&amp;quot; lwc-bbqdsgjtbq=&amp;quot;&amp;quot;&amp;gt;...&amp;lt;/div&amp;gt; is not clickable at point (1371, 140). Other element would receive the click: &amp;lt;one-floating-panel-content data-data-rendering-service-uid=&amp;quot;305&amp;quot; data-aura-rendered-by=&amp;quot;1124:0&amp;quot; lwc-5uvb4ao5qiv-host=&amp;quot;&amp;quot;&amp;gt;&amp;lt;/one-floating-panel-content&amp;gt;
  (Session info: chrome=137.0.7151.103)
Build info: version: &amp;apos;4.28.1&amp;apos;, revision: &amp;apos;73f5ad48a2&amp;apos;
System info: os.name: &amp;apos;Windows 10&amp;apos;, os.arch: &amp;apos;amd64&amp;apos;, os.version: &amp;apos;10.0&amp;apos;, java.version: &amp;apos;17.0.12&amp;apos;
Driver info: org.openqa.selenium.chrome.ChromeDriver
Command: [1f3f7de08018e757e39c7742bcca545a, clickElement {id=f.EBF7F3FA216DDF77CF1C77A66FA879A3.d.C00C5D6A5C5C27E726004C039191BF7D.e.312}]
Capabilities {acceptInsecureCerts: false, browserName: chrome, browserVersion: 137.0.7151.103, chrome: {chromedriverVersion: 137.0.7151.119 (e0ac9d12dff..., userDataDir: C:\Users\SWADHA~1.SIV\AppDa...}, fedcm:accounts: true, goog:chromeOptions: {debuggerAddress: localhost:53009}, networkConnectionEnabled: false, pageLoadStrategy: normal, platformName: windows, proxy: Proxy(), se:cdp: ws://localhost:53009/devtoo..., se:cdpVersion: 137.0.7151.103, setWindowRect: true, strictFileInteractability: false, timeouts: {implicit: 0, pageLoad: 300000, script: 30000}, unhandledPromptBehavior: dismiss and notify, webauthn:extension:credBlob: true, webauthn:extension:largeBlob: true, webauthn:extension:minPinLength: true, webauthn:extension:prf: true, webauthn:virtualAuthenticators: true}
Element: [[ChromeDriver: chrome on windows (1f3f7de08018e757e39c7742bcca545a)] -&amp;gt; xpath: //div[@title=&amp;apos;New&amp;apos;][contains(.,&amp;apos;New&amp;apos;)]]
Session ID: 1f3f7de08018e757e39c7742bcca545a">
      <![CDATA[org.openqa.selenium.ElementClickInterceptedException: element click intercepted: Element <div title="New" data-aura-rendered-by="1091:0" lwc-bbqdsgjtbq="">...</div> is not clickable at point (1371, 140). Other element would receive the click: <one-floating-panel-content data-data-rendering-service-uid="305" data-aura-rendered-by="1124:0" lwc-5uvb4ao5qiv-host=""></one-floating-panel-content>
  (Session info: chrome=137.0.7151.103)
Build info: version: '4.28.1', revision: '73f5ad48a2'
System info: os.name: 'Windows 10', os.arch: 'amd64', os.version: '10.0', java.version: '17.0.12'
Driver info: org.openqa.selenium.chrome.ChromeDriver
Command: [1f3f7de08018e757e39c7742bcca545a, clickElement {id=f.EBF7F3FA216DDF77CF1C77A66FA879A3.d.C00C5D6A5C5C27E726004C039191BF7D.e.312}]
Capabilities {acceptInsecureCerts: false, browserName: chrome, browserVersion: 137.0.7151.103, chrome: {chromedriverVersion: 137.0.7151.119 (e0ac9d12dff..., userDataDir: C:\Users\SWADHA~1.SIV\AppDa...}, fedcm:accounts: true, goog:chromeOptions: {debuggerAddress: localhost:53009}, networkConnectionEnabled: false, pageLoadStrategy: normal, platformName: windows, proxy: Proxy(), se:cdp: ws://localhost:53009/devtoo..., se:cdpVersion: 137.0.7151.103, setWindowRect: true, strictFileInteractability: false, timeouts: {implicit: 0, pageLoad: 300000, script: 30000}, unhandledPromptBehavior: dismiss and notify, webauthn:extension:credBlob: true, webauthn:extension:largeBlob: true, webauthn:extension:minPinLength: true, webauthn:extension:prf: true, webauthn:virtualAuthenticators: true}
Element: [[ChromeDriver: chrome on windows (1f3f7de08018e757e39c7742bcca545a)] -> xpath: //div[@title='New'][contains(.,'New')]]
Session ID: 1f3f7de08018e757e39c7742bcca545a
at org.openqa.selenium.remote.ErrorCodec.decode(ErrorCodec.java:167)
at org.openqa.selenium.remote.codec.w3c.W3CHttpResponseCodec.decode(W3CHttpResponseCodec.java:138)
at org.openqa.selenium.remote.codec.w3c.W3CHttpResponseCodec.decode(W3CHttpResponseCodec.java:50)
at org.openqa.selenium.remote.HttpCommandExecutor.execute(HttpCommandExecutor.java:215)
at org.openqa.selenium.remote.service.DriverCommandExecutor.invokeExecute(DriverCommandExecutor.java:216)
at org.openqa.selenium.remote.service.DriverCommandExecutor.execute(DriverCommandExecutor.java:174)
at org.openqa.selenium.remote.RemoteWebDriver.execute(RemoteWebDriver.java:545)
at org.openqa.selenium.remote.RemoteWebElement.execute(RemoteWebElement.java:223)
at org.openqa.selenium.remote.RemoteWebElement.click(RemoteWebElement.java:76)
at pages.OppCreation.CreateOpportunity(OppCreation.java:49)
at testcases.oppTest.testOpportunityCreation(oppTest.java:30)
at java.base/java.util.ArrayList.forEach(ArrayList.java:1511)
... Removed 32 stack frames]]>
    </failure>
  </testcase> <!-- testOpportunityCreation -->
  <testcase classname="base.baseTest" name="@BeforeSuite setUp" time="0.0">
    <ignored/>
  </testcase> <!-- @BeforeSuite setUp -->
  <testcase classname="base.baseTest" name="@BeforeSuite setUp" time="0.0">
    <ignored/>
  </testcase> <!-- @BeforeSuite setUp -->
</testsuite> <!-- Test -->
