<?xml version="1.0" encoding="UTF-8"?>
<testng-results ignored="0" total="2" passed="1" failed="1" skipped="0">
  <reporter-output>
  </reporter-output>
  <suite started-at="2025-07-01T14:00:43 IST" name="Suite" finished-at="2025-07-01T14:01:09 IST" duration-ms="26122">
    <groups>
      <group name="login">
        <method signature="loginTest.testLogin()[pri:0, instance:testcases.loginTest@4c178a76]" name="testLogin" class="testcases.loginTest"/>
      </group> <!-- login -->
    </groups>
    <test started-at="2025-07-01T14:00:43 IST" name="Test" finished-at="2025-07-01T14:01:09 IST" duration-ms="26122">
      <class name="testcases.oppTest">
        <test-method is-config="true" signature="createTestReport(java.lang.reflect.Method)[pri:0, instance:testcases.oppTest@7770f470]" started-at="2025-07-01T14:00:59 IST" name="createTestReport" finished-at="2025-07-01T14:00:59 IST" duration-ms="2" status="PASS">
          <params>
            <param index="0">
              <value>
                <![CDATA[public void testcases.oppTest.testOpportunityCreation() throws java.io.IOException,java.lang.InterruptedException]]>
              </value>
            </param>
          </params>
          <reporter-output>
          </reporter-output>
        </test-method> <!-- createTestReport -->
        <test-method signature="testOpportunityCreation()[pri:0, instance:testcases.oppTest@7770f470]" started-at="2025-07-01T14:00:59 IST" name="testOpportunityCreation" depends-on-groups="login" finished-at="2025-07-01T14:01:09 IST" duration-ms="9989" status="FAIL">
          <exception class="org.openqa.selenium.ElementClickInterceptedException">
            <message>
              <![CDATA[element click intercepted: Element <div title="New" data-aura-rendered-by="1091:0" lwc-bbqdsgjtbq="">...</div> is not clickable at point (1371, 140). Other element would receive the click: <one-floating-panel-content data-data-rendering-service-uid="305" data-aura-rendered-by="1124:0" lwc-5uvb4ao5qiv-host=""></one-floating-panel-content>
  (Session info: chrome=137.0.7151.103)
Build info: version: '4.28.1', revision: '73f5ad48a2'
System info: os.name: 'Windows 10', os.arch: 'amd64', os.version: '10.0', java.version: '17.0.12'
Driver info: org.openqa.selenium.chrome.ChromeDriver
Command: [1f3f7de08018e757e39c7742bcca545a, clickElement {id=f.EBF7F3FA216DDF77CF1C77A66FA879A3.d.C00C5D6A5C5C27E726004C039191BF7D.e.312}]
Capabilities {acceptInsecureCerts: false, browserName: chrome, browserVersion: 137.0.7151.103, chrome: {chromedriverVersion: 137.0.7151.119 (e0ac9d12dff..., userDataDir: C:\Users\SWADHA~1.SIV\AppDa...}, fedcm:accounts: true, goog:chromeOptions: {debuggerAddress: localhost:53009}, networkConnectionEnabled: false, pageLoadStrategy: normal, platformName: windows, proxy: Proxy(), se:cdp: ws://localhost:53009/devtoo..., se:cdpVersion: 137.0.7151.103, setWindowRect: true, strictFileInteractability: false, timeouts: {implicit: 0, pageLoad: 300000, script: 30000}, unhandledPromptBehavior: dismiss and notify, webauthn:extension:credBlob: true, webauthn:extension:largeBlob: true, webauthn:extension:minPinLength: true, webauthn:extension:prf: true, webauthn:virtualAuthenticators: true}
Element: [[ChromeDriver: chrome on windows (1f3f7de08018e757e39c7742bcca545a)] -> xpath: //div[@title='New'][contains(.,'New')]]
Session ID: 1f3f7de08018e757e39c7742bcca545a]]>
            </message>
            <full-stacktrace>
              <![CDATA[org.openqa.selenium.ElementClickInterceptedException: element click intercepted: Element <div title="New" data-aura-rendered-by="1091:0" lwc-bbqdsgjtbq="">...</div> is not clickable at point (1371, 140). Other element would receive the click: <one-floating-panel-content data-data-rendering-service-uid="305" data-aura-rendered-by="1124:0" lwc-5uvb4ao5qiv-host=""></one-floating-panel-content>
  (Session info: chrome=137.0.7151.103)
Build info: version: '4.28.1', revision: '73f5ad48a2'
System info: os.name: 'Windows 10', os.arch: 'amd64', os.version: '10.0', java.version: '17.0.12'
Driver info: org.openqa.selenium.chrome.ChromeDriver
Command: [1f3f7de08018e757e39c7742bcca545a, clickElement {id=f.EBF7F3FA216DDF77CF1C77A66FA879A3.d.C00C5D6A5C5C27E726004C039191BF7D.e.312}]
Capabilities {acceptInsecureCerts: false, browserName: chrome, browserVersion: 137.0.7151.103, chrome: {chromedriverVersion: 137.0.7151.119 (e0ac9d12dff..., userDataDir: C:\Users\SWADHA~1.SIV\AppDa...}, fedcm:accounts: true, goog:chromeOptions: {debuggerAddress: localhost:53009}, networkConnectionEnabled: false, pageLoadStrategy: normal, platformName: windows, proxy: Proxy(), se:cdp: ws://localhost:53009/devtoo..., se:cdpVersion: 137.0.7151.103, setWindowRect: true, strictFileInteractability: false, timeouts: {implicit: 0, pageLoad: 300000, script: 30000}, unhandledPromptBehavior: dismiss and notify, webauthn:extension:credBlob: true, webauthn:extension:largeBlob: true, webauthn:extension:minPinLength: true, webauthn:extension:prf: true, webauthn:virtualAuthenticators: true}
Element: [[ChromeDriver: chrome on windows (1f3f7de08018e757e39c7742bcca545a)] -> xpath: //div[@title='New'][contains(.,'New')]]
Session ID: 1f3f7de08018e757e39c7742bcca545a
at java.base/jdk.internal.reflect.NativeConstructorAccessorImpl.newInstance0(Native Method)
at java.base/jdk.internal.reflect.NativeConstructorAccessorImpl.newInstance(NativeConstructorAccessorImpl.java:77)
at java.base/jdk.internal.reflect.DelegatingConstructorAccessorImpl.newInstance(DelegatingConstructorAccessorImpl.java:45)
at java.base/java.lang.reflect.Constructor.newInstanceWithCaller(Constructor.java:499)
at java.base/java.lang.reflect.Constructor.newInstance(Constructor.java:480)
at org.openqa.selenium.remote.ErrorCodec.decode(ErrorCodec.java:167)
at org.openqa.selenium.remote.codec.w3c.W3CHttpResponseCodec.decode(W3CHttpResponseCodec.java:138)
at org.openqa.selenium.remote.codec.w3c.W3CHttpResponseCodec.decode(W3CHttpResponseCodec.java:50)
at org.openqa.selenium.remote.HttpCommandExecutor.execute(HttpCommandExecutor.java:215)
at org.openqa.selenium.remote.service.DriverCommandExecutor.invokeExecute(DriverCommandExecutor.java:216)
at org.openqa.selenium.remote.service.DriverCommandExecutor.execute(DriverCommandExecutor.java:174)
at org.openqa.selenium.remote.RemoteWebDriver.execute(RemoteWebDriver.java:545)
at org.openqa.selenium.remote.RemoteWebElement.execute(RemoteWebElement.java:223)
at org.openqa.selenium.remote.RemoteWebElement.click(RemoteWebElement.java:76)
at pages.OppCreation.CreateOpportunity(OppCreation.java:49)
at testcases.oppTest.testOpportunityCreation(oppTest.java:30)
at java.base/jdk.internal.reflect.NativeMethodAccessorImpl.invoke0(Native Method)
at java.base/jdk.internal.reflect.NativeMethodAccessorImpl.invoke(NativeMethodAccessorImpl.java:77)
at java.base/jdk.internal.reflect.DelegatingMethodAccessorImpl.invoke(DelegatingMethodAccessorImpl.java:43)
at java.base/java.lang.reflect.Method.invoke(Method.java:568)
at org.testng.internal.invokers.MethodInvocationHelper.invokeMethod(MethodInvocationHelper.java:141)
at org.testng.internal.invokers.TestInvoker.invokeMethod(TestInvoker.java:687)
at org.testng.internal.invokers.TestInvoker.invokeTestMethod(TestInvoker.java:230)
at org.testng.internal.invokers.MethodRunner.runInSequence(MethodRunner.java:63)
at org.testng.internal.invokers.TestInvoker$MethodInvocationAgent.invoke(TestInvoker.java:995)
at org.testng.internal.invokers.TestInvoker.invokeTestMethods(TestInvoker.java:203)
at org.testng.internal.invokers.TestMethodWorker.invokeTestMethods(TestMethodWorker.java:154)
at org.testng.internal.invokers.TestMethodWorker.run(TestMethodWorker.java:134)
at java.base/java.util.ArrayList.forEach(ArrayList.java:1511)
at org.testng.TestRunner.privateRun(TestRunner.java:741)
at org.testng.TestRunner.run(TestRunner.java:616)
at org.testng.SuiteRunner.runTest(SuiteRunner.java:421)
at org.testng.SuiteRunner.runSequentially(SuiteRunner.java:413)
at org.testng.SuiteRunner.privateRun(SuiteRunner.java:373)
at org.testng.SuiteRunner.run(SuiteRunner.java:312)
at org.testng.SuiteRunnerWorker.runSuite(SuiteRunnerWorker.java:52)
at org.testng.SuiteRunnerWorker.run(SuiteRunnerWorker.java:95)
at org.testng.TestNG.runSuitesSequentially(TestNG.java:1274)
at org.testng.TestNG.runSuitesLocally(TestNG.java:1208)
at org.testng.TestNG.runSuites(TestNG.java:1112)
at org.testng.TestNG.run(TestNG.java:1079)
at org.testng.remote.AbstractRemoteTestNG.run(AbstractRemoteTestNG.java:115)
at org.testng.remote.RemoteTestNG.initAndRun(RemoteTestNG.java:293)
at org.testng.remote.RemoteTestNG.main(RemoteTestNG.java:91)
]]>
            </full-stacktrace>
          </exception> <!-- org.openqa.selenium.ElementClickInterceptedException -->
          <reporter-output>
          </reporter-output>
        </test-method> <!-- testOpportunityCreation -->
        <test-method is-config="true" signature="logTestResult(org.testng.ITestResult)[pri:0, instance:testcases.oppTest@7770f470]" started-at="2025-07-01T14:01:09 IST" name="logTestResult" finished-at="2025-07-01T14:01:09 IST" duration-ms="1" status="PASS">
          <params>
            <param index="0">
              <value>
                <![CDATA[[TestResult name=testOpportunityCreation status=FAILURE method=oppTest.testOpportunityCreation()[pri:0, instance:testcases.oppTest@7770f470] output={null}]]]>
              </value>
            </param>
          </params>
          <reporter-output>
          </reporter-output>
        </test-method> <!-- logTestResult -->
      </class> <!-- testcases.oppTest -->
      <class name="testcases.loginTest">
        <test-method is-config="true" signature="setUp()[pri:0, instance:testcases.loginTest@4c178a76]" started-at="2025-07-01T14:00:20 IST" name="setUp" finished-at="2025-07-01T14:00:43 IST" duration-ms="22858" status="PASS">
          <reporter-output>
          </reporter-output>
        </test-method> <!-- setUp -->
        <test-method is-config="true" signature="createTestReport(java.lang.reflect.Method)[pri:0, instance:testcases.loginTest@4c178a76]" started-at="2025-07-01T14:00:43 IST" name="createTestReport" finished-at="2025-07-01T14:00:43 IST" duration-ms="10" status="PASS">
          <params>
            <param index="0">
              <value>
                <![CDATA[public void testcases.loginTest.testLogin() throws java.lang.InterruptedException,java.io.IOException]]>
              </value>
            </param>
          </params>
          <reporter-output>
          </reporter-output>
        </test-method> <!-- createTestReport -->
        <test-method signature="testLogin()[pri:0, instance:testcases.loginTest@4c178a76]" started-at="2025-07-01T14:00:43 IST" name="testLogin" finished-at="2025-07-01T14:00:59 IST" duration-ms="16024" status="PASS">
          <reporter-output>
          </reporter-output>
        </test-method> <!-- testLogin -->
        <test-method is-config="true" signature="logTestResult(org.testng.ITestResult)[pri:0, instance:testcases.loginTest@4c178a76]" started-at="2025-07-01T14:00:59 IST" name="logTestResult" finished-at="2025-07-01T14:00:59 IST" duration-ms="6" status="PASS">
          <params>
            <param index="0">
              <value>
                <![CDATA[[TestResult name=testLogin status=SUCCESS method=loginTest.testLogin()[pri:0, instance:testcases.loginTest@4c178a76] output={null}]]]>
              </value>
            </param>
          </params>
          <reporter-output>
          </reporter-output>
        </test-method> <!-- logTestResult -->
      </class> <!-- testcases.loginTest -->
    </test> <!-- Test -->
  </suite> <!-- Suite -->
</testng-results>
